
> frontend@0.1.0 start
> react-scripts start

(node:6281) [DEP_WEBPACK_DEV_SERVER_ON_AFTER_SETUP_MIDDLEWARE] DeprecationWarning: 'onAfterSetupMiddleware' option is deprecated. Please use the 'setupMiddlewares' option.
(Use `node --trace-deprecation ...` to show where the warning was created)
(node:6281) [DEP_WEBPACK_DEV_SERVER_ON_BEFORE_SETUP_MIDDLEWARE] DeprecationWarning: 'onBeforeSetupMiddleware' option is deprecated. Please use the 'setupMiddlewares' option.
Starting the development server...

Compiled with warnings.

[eslint] 
src/pages/MainPage.jsx
  Line 3:5:      'ScoreBar' is defined but never used                                                                                    no-unused-vars
  Line 12:8:     'LinearProgress' is defined but never used                                                                              no-unused-vars
  Line 29:12:    'progress' is assigned a value but never used                                                                           no-unused-vars
  Line 30:12:    'liveLogs' is assigned a value but never used                                                                           no-unused-vars
  Line 30:22:    'setLiveLogs' is assigned a value but never used                                                                        no-unused-vars
  Line 31:12:    'liveResult' is assigned a value but never used                                                                         no-unused-vars
  Line 31:24:    'setLiveResult' is assigned a value but never used                                                                      no-unused-vars
  Line 32:12:    'testingHost' is assigned a value but never used                                                                        no-unused-vars
  Line 32:25:    'setTestingHost' is assigned a value but never used                                                                     no-unused-vars
  Line 49:12:    'displayText' is assigned a value but never used                                                                        no-unused-vars
  Line 49:25:    'setDisplayText' is assigned a value but never used                                                                     no-unused-vars
  Line 51:12:    'displayPlaceholder' is assigned a value but never used                                                                 no-unused-vars
  Line 71:8:     React Hook useEffect has a missing dependency: 'placeholders.length'. Either include it or remove the dependency array  react-hooks/exhaustive-deps
  Line 78:8:     React Hook useEffect has a missing dependency: 'placeholders'. Either include it or remove the dependency array         react-hooks/exhaustive-deps
  Line 155:8:    React Hook useEffect has a missing dependency: 'mechanisms'. Either include it or remove the dependency array           react-hooks/exhaustive-deps
  Line 297:11:   'viewButtonHover' is assigned a value but never used                                                                    no-unused-vars
  Line 301:11:   'tabStyle' is assigned a value but never used                                                                           no-unused-vars
  Line 420:11:   'Accordion' is assigned a value but never used                                                                          no-unused-vars
  Line 709:15:   'connectDetails' is assigned a value but never used                                                                     no-unused-vars
  Line 1358:93:  Nested block is redundant                                                                                               no-lone-blocks

Search for the keywords to learn more about each warning.
To ignore, add // eslint-disable-next-line to the line before.

WARNING in [eslint] 
src/pages/MainPage.jsx
  Line 3:5:      'ScoreBar' is defined but never used                                                                                    no-unused-vars
  Line 12:8:     'LinearProgress' is defined but never used                                                                              no-unused-vars
  Line 29:12:    'progress' is assigned a value but never used                                                                           no-unused-vars
  Line 30:12:    'liveLogs' is assigned a value but never used                                                                           no-unused-vars
  Line 30:22:    'setLiveLogs' is assigned a value but never used                                                                        no-unused-vars
  Line 31:12:    'liveResult' is assigned a value but never used                                                                         no-unused-vars
  Line 31:24:    'setLiveResult' is assigned a value but never used                                                                      no-unused-vars
  Line 32:12:    'testingHost' is assigned a value but never used                                                                        no-unused-vars
  Line 32:25:    'setTestingHost' is assigned a value but never used                                                                     no-unused-vars
  Line 49:12:    'displayText' is assigned a value but never used                                                                        no-unused-vars
  Line 49:25:    'setDisplayText' is assigned a value but never used                                                                     no-unused-vars
  Line 51:12:    'displayPlaceholder' is assigned a value but never used                                                                 no-unused-vars
  Line 71:8:     React Hook useEffect has a missing dependency: 'placeholders.length'. Either include it or remove the dependency array  react-hooks/exhaustive-deps
  Line 78:8:     React Hook useEffect has a missing dependency: 'placeholders'. Either include it or remove the dependency array         react-hooks/exhaustive-deps
  Line 155:8:    React Hook useEffect has a missing dependency: 'mechanisms'. Either include it or remove the dependency array           react-hooks/exhaustive-deps
  Line 297:11:   'viewButtonHover' is assigned a value but never used                                                                    no-unused-vars
  Line 301:11:   'tabStyle' is assigned a value but never used                                                                           no-unused-vars
  Line 420:11:   'Accordion' is assigned a value but never used                                                                          no-unused-vars
  Line 709:15:   'connectDetails' is assigned a value but never used                                                                     no-unused-vars
  Line 1358:93:  Nested block is redundant                                                                                               no-lone-blocks

webpack compiled with 1 warning
