2025/09/06 21:03:23 Server is running on :8081
flag1now:1
Redirect to: https://www.qq.com/autodiscover/autodiscover.xml
flag1: 0
flag2: 0
flag3: 0
flag1: 1
flag2: 0
flag3: 0
Error sending request to https://autodiscover.qq.com/autodiscover/autodiscover.xml: Post "https://autodiscover.qq.com/autodiscover/autodiscover.xml": dial tcp: lookup autodiscover.qq.com on 100.100.2.136:53: no such host
flag1: 0
flag2: 0
flag3: 0
Error sending request to http://autodiscover.qq.com/autodiscover/autodiscover.xml: Post "http://autodiscover.qq.com/autodiscover/autodiscover.xml": dial tcp: lookup autodiscover.qq.com on 100.100.2.136:53: no such host
flag1: 0
flag2: 0
flag3: 0
Error sending request to https://autodiscover.gmail.com/autodiscover/autodiscover.xml: Post "https://autodiscover.gmail.com/autodiscover/autodiscover.xml": dial tcp: lookup autodiscover.gmail.com on 100.100.2.136:53: no such host
flag1: 0
flag2: 0
flag3: 0
Error sending request to http://autodiscover.gmail.com/autodiscover/autodiscover.xml: Post "http://autodiscover.gmail.com/autodiscover/autodiscover.xml": dial tcp: lookup autodiscover.gmail.com on 100.100.2.136:53: no such host
flag1: 0
flag2: 0
flag3: 0
flag1now:1
Redirect to: https://www.qq.com/autodiscover/autodiscover.xml
flag1: 1
flag2: 0
flag3: 0
flag1: 0
flag2: 0
flag3: 0
flag1now:1
Redirect to: https://yandex.com/autodiscover/autodiscover.xml
MX record for gmail.com: gmail-smtp-in.l.google.com., the priority is 5
MX record for gmail.com: alt3.gmail-smtp-in.l.google.com., the priority is 30
MX record for gmail.com: alt2.gmail-smtp-in.l.google.com., the priority is 20
MX record for gmail.com: alt4.gmail-smtp-in.l.google.com., the priority is 40
MX record for gmail.com: alt1.gmail-smtp-in.l.google.com., the priority is 10
fulldomain: l.google.com
maindomain: google.com
service:_imap._tcp.gmail.com, adBit:false
service:_imaps._tcp.gmail.com, adBit:false
service:_pop3._tcp.gmail.com, adBit:false
service:_pop3s._tcp.gmail.com, adBit:false
service:_submission._tcp.gmail.com, adBit:false
service:_submissions._tcp.gmail.com, adBit:false
Failed to query SRV for _submissions._tcp.gmail.com or no records found: <nil>
flag1: 1
flag2: 0
flag3: 0
Redirect to: https://www.qq.com/autodiscover/autodiscover.xml
Redirect to: https://www.qq.com/autodiscover/autodiscover.xml
MX record for qq.com: mx3.qq.com., the priority is 10
MX record for qq.com: mx1.qq.com., the priority is 30
MX record for qq.com: mx2.qq.com., the priority is 20
fulldomain: qq.com
maindomain: qq.com
service:_imap._tcp.qq.com, adBit:false
Failed to query SRV for _imap._tcp.qq.com or no records found: <nil>
service:_imaps._tcp.qq.com, adBit:false
Failed to query SRV for _imaps._tcp.qq.com or no records found: <nil>
service:_pop3._tcp.qq.com, adBit:false
Failed to query SRV for _pop3._tcp.qq.com or no records found: <nil>
service:_pop3s._tcp.qq.com, adBit:false
Failed to query SRV for _pop3s._tcp.qq.com or no records found: <nil>
service:_submission._tcp.qq.com, adBit:false
Failed to query SRV for _submission._tcp.qq.com or no records found: <nil>
service:_submissions._tcp.qq.com, adBit:false
Failed to query SRV for _submissions._tcp.qq.com or no records found: <nil>
flag1: 0
flag2: 0
flag3: 0
flag1: 0
flag2: 0
flag3: 0
flag1: 0
flag2: 0
flag3: 0
Redirect to: https://autodiscover.yandex.com/autodiscover/autodiscover.xml
Redirect to: https://yandex.com/autodiscover/autodiscover.xml
Redirect to: https://autodiscover.yandex.com/autodiscover/autodiscover.xml
MX record for yandex.com: mx.yandex.ru., the priority is 10
fulldomain: yandex.ru
maindomain: yandex.ru
flag1: 0
flag2: 0
flag3: 0
Error sending request to https://autodiscover.gmail.com/autodiscover/autodiscover.xml: Post "https://autodiscover.gmail.com/autodiscover/autodiscover.xml": dial tcp: lookup autodiscover.gmail.com on 100.100.2.136:53: no such host
flag1: 0
flag2: 0
flag3: 0
Error sending request to http://autodiscover.gmail.com/autodiscover/autodiscover.xml: Post "http://autodiscover.gmail.com/autodiscover/autodiscover.xml": dial tcp: lookup autodiscover.gmail.com on 100.100.2.136:53: no such host
flag1: 0
flag2: 0
flag3: 0
2025/09/06 21:05:13 客户端已连接进度 WebSocket
flag1: 0
flag2: 0
flag3: 0
MX record for gmail.com: gmail-smtp-in.l.google.com., the priority is 5
MX record for gmail.com: alt1.gmail-smtp-in.l.google.com., the priority is 10
MX record for gmail.com: alt2.gmail-smtp-in.l.google.com., the priority is 20
MX record for gmail.com: alt3.gmail-smtp-in.l.google.com., the priority is 30
MX record for gmail.com: alt4.gmail-smtp-in.l.google.com., the priority is 40
fulldomain: l.google.com
maindomain: google.com
service:_imap._tcp.yandex.com, adBit:false
service:_imaps._tcp.yandex.com, adBit:false
ProtocolType: imap
Port: 993
Hostname: imap.gmail.com
Running test
service:_pop3._tcp.yandex.com, adBit:false
Failed to query SRV for _pop3._tcp.yandex.com or no records found: <nil>
service:_pop3s._tcp.yandex.com, adBit:false
Failed to query SRV for _pop3s._tcp.yandex.com or no records found: <nil>
service:_submission._tcp.yandex.com, adBit:false
service:_submissions._tcp.yandex.com, adBit:false
Failed to query SRV for _submissions._tcp.yandex.com or no records found: <nil>
Raw output:
 {"success": false, "info": null, "error": "OS error : timed out"}

Running test
Raw output:
 {"success": false, "info": null, "error": "OS error : timed out"}

Running test
Raw output:
 {"success": true, "info": {"error": [], "version": "TLSv1.3", "cipher": ["TLS_AES_256_GCM_SHA384", "TLSv1.3", 256], "tls ca": "-----BEGIN CERTIFICATE-----\nMIIEVjCCAz6gAwIBAgIRAJ7Q0Sjdu4V5EoXFFHsD5ZUwDQYJKoZIhvcNAQELBQAw\nOzELMAkGA1UEBhMCVVMxHjAcBgNVBAoTFUdvb2dsZSBUcnVzdCBTZXJ2aWNlczEM\nMAoGA1UEAxMDV1IyMB4XDTI1MDgxODA4NDEwOFoXDTI1MTExMDA4NDEwN1owGTEX\nMBUGA1UEAxMOaW1hcC5nbWFpbC5jb20wWTATBgcqhkjOPQIBBggqhkjOPQMBBwNC\nAAQAmlOfwtbo2xETvaDMfYaoQA4l0zS65NeG3SNGGmNT6YaOPUvfwHPWoN6JMeg+\nxEw4WwxCrnstY3IW0G+TtKqwo4ICQDCCAjwwDgYDVR0PAQH/BAQDAgeAMBMGA1Ud\nJQQMMAoGCCsGAQUFBwMBMAwGA1UdEwEB/wQCMAAwHQYDVR0OBBYEFFR37CMohPuA\n8rd9KQWcWIgMK23zMB8GA1UdIwQYMBaAFN4bHu15FdQ+NyTDIbvsNDltQrIwMFgG\nCCsGAQUFBwEBBEwwSjAhBggrBgEFBQcwAYYVaHR0cDovL28ucGtpLmdvb2cvd3Iy\nMCUGCCsGAQUFBzAChhlodHRwOi8vaS5wa2kuZ29vZy93cjIuY3J0MBkGA1UdEQQS\nMBCCDmltYXAuZ21haWwuY29tMBMGA1UdIAQMMAowCAYGZ4EMAQIBMDYGA1UdHwQv\nMC0wK6ApoCeGJWh0dHA6Ly9jLnBraS5nb29nL3dyMi9HU3lUMU40UEJyZy5jcmww\nggEDBgorBgEEAdZ5AgQCBIH0BIHxAO8AdgAN4fIwK9MNwUBiEgnqVS78R3R8sdfp\nMO8OQh60fk6qNAAAAZi8jduvAAAEAwBHMEUCIQCH6tkVp0Zk7m2lXKMzSSVv4/Y4\n4iJtGCkyTzX+1TPxHQIgWkKwZ6ByQ0clKdDLt600DigTU2cu4QmufhhsQDsXeckA\ndQAS8U40vVNyTIQGGcOPP3oT+Oe1YoeInG0wBYTr5YYmOgAAAZi8jde4AAAEAwBG\nMEQCIHoE+vHcFotWoI+LZJrJ0xEvjGN+rZdKzGUDWrTVqUhuAiBmrf9gfY2/jyKV\nf7Nfc1xS6OMP9n1+ziNZb4v0mv9SEzANBgkqhkiG9w0BAQsFAAOCAQEAidR/XkuN\n9XROZ92mGBviHO0piz3FQnnSkPdHOELISs5pRhLtXpAwFFAUJw076PzCxEWKWZcy\nq4lqABm+BOceIZF13uvy8Zoz36ESKK3m3cluXwUPLr3B1m/mQ2KzX1N9CfL/h/bC\nqMwkNearNyr+7vlRTXy5rJOVmlPn6dTanbmida2QO/ZxAQL7Yz1ZYdXcOEXVSX8A\naWsjjc28DYnCXL4bs6BrjuY/i/rzZdq3qtRl3DiOYzOKlr3UmUnXLKizd6GZt0v0\n6TynnJ1qaPZ2StjxSPJ5ylw5xN/OxOe2yoc9lp6Eo0up46JB0h2jjvkihqZNafK/\nArH1GYBq7wVa5Q==\n-----END CERTIFICATE-----\n", "auth": ["IMAP4REV1", "UNSELECT", "IDLE", "NAMESPACE", "QUOTA", "ID", "XLIST", "CHILDREN", "X-GM-EXT-1", "XYZZY", "SASL-IR", "AUTH=XOAUTH2", "AUTH=PLAIN", "AUTH=PLAIN-CLIENTTOKEN", "AUTH=OAUTHBEARER"]}}

ProtocolType: pop3
Port: 995
Hostname: pop.gmail.com
Running test
Raw output:
 {"success": false, "info": null, "error": "OS error : timed out"}

Running test
Raw output:
 {"success": false, "info": null, "error": "OS error : timed out"}

Running test
Raw output:
 {"success": true, "info": {"error": [], "version": "TLSv1.3", "cipher": ["TLS_AES_256_GCM_SHA384", "TLSv1.3", 256], "tls ca": "-----BEGIN CERTIFICATE-----\nMIIDkzCCAzigAwIBAgIQV7VaP5QikfAQytyarC52QjAKBggqhkjOPQQDAjA7MQsw\nCQYDVQQGEwJVUzEeMBwGA1UEChMVR29vZ2xlIFRydXN0IFNlcnZpY2VzMQwwCgYD\nVQQDEwNXRTIwHhcNMjUwODE4MDg0MTE0WhcNMjUxMTEwMDg0MTEzWjAYMRYwFAYD\nVQQDEw1wb3AuZ21haWwuY29tMFkwEwYHKoZIzj0CAQYIKoZIzj0DAQcDQgAE1fM3\ngoCwcT9FogkWNHh5o/5e4N0iiwJQ9AzmA7R05MyFJRhPM80C7aTR4+XPw6nOnxg+\nNwzqSd6ED1MBAO5S4qOCAj8wggI7MA4GA1UdDwEB/wQEAwIHgDATBgNVHSUEDDAK\nBggrBgEFBQcDATAMBgNVHRMBAf8EAjAAMB0GA1UdDgQWBBS4DqEcBNET1nf0gYkm\nms1XST38tTAfBgNVHSMEGDAWgBR1vsR3ron2RDd9z7FoHx0a69w0WTBYBggrBgEF\nBQcBAQRMMEowIQYIKwYBBQUHMAGGFWh0dHA6Ly9vLnBraS5nb29nL3dlMjAlBggr\nBgEFBQcwAoYZaHR0cDovL2kucGtpLmdvb2cvd2UyLmNydDAYBgNVHREEETAPgg1w\nb3AuZ21haWwuY29tMBMGA1UdIAQMMAowCAYGZ4EMAQIBMDYGA1UdHwQvMC0wK6Ap\noCeGJWh0dHA6Ly9jLnBraS5nb29nL3dlMi82NE9VSVZ6cFpWNC5jcmwwggEDBgor\nBgEEAdZ5AgQCBIH0BIHxAO8AdgDtPEvW6AbCpKIAV9vLJOI4Ad9RL+3EhsVwDyDd\ntz4/4AAAAZi8jfXfAAAEAwBHMEUCIQD3Ca02GOlY5pKLwtn4+KsswpRL6HPHc9Cc\n4HQ+YUWlEgIgbdNlB8PxN84HHFgSuJwLsdSOLigL48NInSBOE8yAAcUAdQDd3Mo0\nldfhFgXnlTL6x5/4PRxQ39sAOhQSdgosrLvIKgAAAZi8jfILAAAEAwBGMEQCIEr5\nhIP5Tws07OPVpjR5qh6tpcqKzh5iZoYtjd2QpnvvAiBQkG7tA6byp1v+Ihax1BDX\nkbOnkJmcR2soJXzt9O6SFzAKBggqhkjOPQQDAgNJADBGAiEAlqQT7qrF/4hJE5yG\no612o1qbXYKFVBiFDmxul109YYQCIQCqvG9gSCr8DIp9G0t4Mrdv10lao7mP2E2b\nK7u4kNS86A==\n-----END CERTIFICATE-----\n", "auth": {"USER": [], "RESP-CODES": [], "EXPIRE": ["0"], "LOGIN-DELAY": ["300"], "TOP": [], "UIDL": [], "X-GOOGLE-RICO": [], "SASL": ["PLAIN", "XOAUTH2", "OAUTHBEARER"]}}}

ProtocolType: smtp
Port: 465
Hostname: smtp.gmail.com
Running test
Raw output:
 {"success": false, "info": null, "error": "OS error : Connection unexpectedly closed: timed out"}

Running test
Raw output:
 {"success": false, "info": null, "error": "OS error : Connection unexpectedly closed: timed out"}

Running test
Raw output:
 {"success": true, "info": {"error": [], "version": "TLSv1.3", "cipher": ["TLS_AES_256_GCM_SHA384", "TLSv1.3", 256], "tls ca": "-----BEGIN CERTIFICATE-----\nMIIDljCCAzygAwIBAgIRAP0mFuCLc9zLCgfuSxSh8ykwCgYIKoZIzj0EAwIwOzEL\nMAkGA1UEBhMCVVMxHjAcBgNVBAoTFUdvb2dsZSBUcnVzdCBTZXJ2aWNlczEMMAoG\nA1UEAxMDV0UyMB4XDTI1MDgxODA4NDExNloXDTI1MTExMDA4NDExNVowGTEXMBUG\nA1UEAxMOc210cC5nbWFpbC5jb20wWTATBgcqhkjOPQIBBggqhkjOPQMBBwNCAARX\ne0ONZ487PRSTXAhc5JcLRfRtigFyIp+Nogb7Q+J+w9TRNmaxUBbp/4navHAZ3Fem\nudC53Oucvkn+eNXRlrCno4ICQTCCAj0wDgYDVR0PAQH/BAQDAgeAMBMGA1UdJQQM\nMAoGCCsGAQUFBwMBMAwGA1UdEwEB/wQCMAAwHQYDVR0OBBYEFCn567uhB8gjZLPL\nB06+KSZzwsaZMB8GA1UdIwQYMBaAFHW+xHeuifZEN33PsWgfHRrr3DRZMFgGCCsG\nAQUFBwEBBEwwSjAhBggrBgEFBQcwAYYVaHR0cDovL28ucGtpLmdvb2cvd2UyMCUG\nCCsGAQUFBzAChhlodHRwOi8vaS5wa2kuZ29vZy93ZTIuY3J0MBkGA1UdEQQSMBCC\nDnNtdHAuZ21haWwuY29tMBMGA1UdIAQMMAowCAYGZ4EMAQIBMDYGA1UdHwQvMC0w\nK6ApoCeGJWh0dHA6Ly9jLnBraS5nb29nL3dlMi82NE9VSVZ6cFpWNC5jcmwwggEE\nBgorBgEEAdZ5AgQCBIH1BIHyAPAAdgCkQsUGSWBhVI8P1Oqc+3otJkVNh6l/L99F\nWfYnTzqEVAAAAZi8jfZwAAAEAwBHMEUCIDLVVnKSq3Q6cOxre3VO2TBkECt/x364\nl4jNvyCE0Z7vAiEAmORkp/HiTZ1d62mkZck5EaLlxC68PB4NH3fM6hW57dcAdgAS\n8U40vVNyTIQGGcOPP3oT+Oe1YoeInG0wBYTr5YYmOgAAAZi8jfZnAAAEAwBHMEUC\nIQDXB9ZQAPTTXt15rEDapw8fJBRQ8S1y7+lPFjP0+Tu0VQIgH0PjH3h7026yWgM5\njb6yDho7FLCnpiMMzAoVICLE8zEwCgYIKoZIzj0EAwIDSAAwRQIhAPPXGT0HMGJ4\ni5ymXktGP93CTKEMK+KyBbSJEp/yePiqAiAe4U/q9rVz5KwNBk4uwiM+gCgrRh8x\nfBzbzpGntIMwkg==\n-----END CERTIFICATE-----\n", "enable esmtp": 1, "auth": {"size": "35882577", "8bitmime": "", "auth": " LOGIN PLAIN XOAUTH2 PLAIN-CLIENTTOKEN OAUTHBEARER XOAUTH", "enhancedstatuscodes": "", "pipelining": "", "chunking": "", "smtputf8": ""}}}

ProtocolType: imap
Port: 993
Hostname: imap.gmail.com
Running test
Raw output:
 {"success": false, "info": null, "error": "OS error : timed out"}

Running test
Raw output:
 {"success": false, "info": null, "error": "OS error : timed out"}

Running test
Raw output:
 {"success": true, "info": {"error": [], "version": "TLSv1.3", "cipher": ["TLS_AES_256_GCM_SHA384", "TLSv1.3", 256], "tls ca": "-----BEGIN CERTIFICATE-----\nMIIEVjCCAz6gAwIBAgIRAJ7Q0Sjdu4V5EoXFFHsD5ZUwDQYJKoZIhvcNAQELBQAw\nOzELMAkGA1UEBhMCVVMxHjAcBgNVBAoTFUdvb2dsZSBUcnVzdCBTZXJ2aWNlczEM\nMAoGA1UEAxMDV1IyMB4XDTI1MDgxODA4NDEwOFoXDTI1MTExMDA4NDEwN1owGTEX\nMBUGA1UEAxMOaW1hcC5nbWFpbC5jb20wWTATBgcqhkjOPQIBBggqhkjOPQMBBwNC\nAAQAmlOfwtbo2xETvaDMfYaoQA4l0zS65NeG3SNGGmNT6YaOPUvfwHPWoN6JMeg+\nxEw4WwxCrnstY3IW0G+TtKqwo4ICQDCCAjwwDgYDVR0PAQH/BAQDAgeAMBMGA1Ud\nJQQMMAoGCCsGAQUFBwMBMAwGA1UdEwEB/wQCMAAwHQYDVR0OBBYEFFR37CMohPuA\n8rd9KQWcWIgMK23zMB8GA1UdIwQYMBaAFN4bHu15FdQ+NyTDIbvsNDltQrIwMFgG\nCCsGAQUFBwEBBEwwSjAhBggrBgEFBQcwAYYVaHR0cDovL28ucGtpLmdvb2cvd3Iy\nMCUGCCsGAQUFBzAChhlodHRwOi8vaS5wa2kuZ29vZy93cjIuY3J0MBkGA1UdEQQS\nMBCCDmltYXAuZ21haWwuY29tMBMGA1UdIAQMMAowCAYGZ4EMAQIBMDYGA1UdHwQv\nMC0wK6ApoCeGJWh0dHA6Ly9jLnBraS5nb29nL3dyMi9HU3lUMU40UEJyZy5jcmww\nggEDBgorBgEEAdZ5AgQCBIH0BIHxAO8AdgAN4fIwK9MNwUBiEgnqVS78R3R8sdfp\nMO8OQh60fk6qNAAAAZi8jduvAAAEAwBHMEUCIQCH6tkVp0Zk7m2lXKMzSSVv4/Y4\n4iJtGCkyTzX+1TPxHQIgWkKwZ6ByQ0clKdDLt600DigTU2cu4QmufhhsQDsXeckA\ndQAS8U40vVNyTIQGGcOPP3oT+Oe1YoeInG0wBYTr5YYmOgAAAZi8jde4AAAEAwBG\nMEQCIHoE+vHcFotWoI+LZJrJ0xEvjGN+rZdKzGUDWrTVqUhuAiBmrf9gfY2/jyKV\nf7Nfc1xS6OMP9n1+ziNZb4v0mv9SEzANBgkqhkiG9w0BAQsFAAOCAQEAidR/XkuN\n9XROZ92mGBviHO0piz3FQnnSkPdHOELISs5pRhLtXpAwFFAUJw076PzCxEWKWZcy\nq4lqABm+BOceIZF13uvy8Zoz36ESKK3m3cluXwUPLr3B1m/mQ2KzX1N9CfL/h/bC\nqMwkNearNyr+7vlRTXy5rJOVmlPn6dTanbmida2QO/ZxAQL7Yz1ZYdXcOEXVSX8A\naWsjjc28DYnCXL4bs6BrjuY/i/rzZdq3qtRl3DiOYzOKlr3UmUnXLKizd6GZt0v0\n6TynnJ1qaPZ2StjxSPJ5ylw5xN/OxOe2yoc9lp6Eo0up46JB0h2jjvkihqZNafK/\nArH1GYBq7wVa5Q==\n-----END CERTIFICATE-----\n", "auth": ["IMAP4REV1", "UNSELECT", "IDLE", "NAMESPACE", "QUOTA", "ID", "XLIST", "CHILDREN", "X-GM-EXT-1", "XYZZY", "SASL-IR", "AUTH=XOAUTH2", "AUTH=PLAIN", "AUTH=PLAIN-CLIENTTOKEN", "AUTH=OAUTHBEARER"]}}

ProtocolType: pop3
Port: 995
Hostname: pop.gmail.com
Running test
Raw output:
 {"success": false, "info": null, "error": "OS error : timed out"}

Running test
Raw output:
 {"success": false, "info": null, "error": "OS error : timed out"}

Running test
Raw output:
 {"success": true, "info": {"error": [], "version": "TLSv1.3", "cipher": ["TLS_AES_256_GCM_SHA384", "TLSv1.3", 256], "tls ca": "-----BEGIN CERTIFICATE-----\nMIIDkzCCAzigAwIBAgIQV7VaP5QikfAQytyarC52QjAKBggqhkjOPQQDAjA7MQsw\nCQYDVQQGEwJVUzEeMBwGA1UEChMVR29vZ2xlIFRydXN0IFNlcnZpY2VzMQwwCgYD\nVQQDEwNXRTIwHhcNMjUwODE4MDg0MTE0WhcNMjUxMTEwMDg0MTEzWjAYMRYwFAYD\nVQQDEw1wb3AuZ21haWwuY29tMFkwEwYHKoZIzj0CAQYIKoZIzj0DAQcDQgAE1fM3\ngoCwcT9FogkWNHh5o/5e4N0iiwJQ9AzmA7R05MyFJRhPM80C7aTR4+XPw6nOnxg+\nNwzqSd6ED1MBAO5S4qOCAj8wggI7MA4GA1UdDwEB/wQEAwIHgDATBgNVHSUEDDAK\nBggrBgEFBQcDATAMBgNVHRMBAf8EAjAAMB0GA1UdDgQWBBS4DqEcBNET1nf0gYkm\nms1XST38tTAfBgNVHSMEGDAWgBR1vsR3ron2RDd9z7FoHx0a69w0WTBYBggrBgEF\nBQcBAQRMMEowIQYIKwYBBQUHMAGGFWh0dHA6Ly9vLnBraS5nb29nL3dlMjAlBggr\nBgEFBQcwAoYZaHR0cDovL2kucGtpLmdvb2cvd2UyLmNydDAYBgNVHREEETAPgg1w\nb3AuZ21haWwuY29tMBMGA1UdIAQMMAowCAYGZ4EMAQIBMDYGA1UdHwQvMC0wK6Ap\noCeGJWh0dHA6Ly9jLnBraS5nb29nL3dlMi82NE9VSVZ6cFpWNC5jcmwwggEDBgor\nBgEEAdZ5AgQCBIH0BIHxAO8AdgDtPEvW6AbCpKIAV9vLJOI4Ad9RL+3EhsVwDyDd\ntz4/4AAAAZi8jfXfAAAEAwBHMEUCIQD3Ca02GOlY5pKLwtn4+KsswpRL6HPHc9Cc\n4HQ+YUWlEgIgbdNlB8PxN84HHFgSuJwLsdSOLigL48NInSBOE8yAAcUAdQDd3Mo0\nldfhFgXnlTL6x5/4PRxQ39sAOhQSdgosrLvIKgAAAZi8jfILAAAEAwBGMEQCIEr5\nhIP5Tws07OPVpjR5qh6tpcqKzh5iZoYtjd2QpnvvAiBQkG7tA6byp1v+Ihax1BDX\nkbOnkJmcR2soJXzt9O6SFzAKBggqhkjOPQQDAgNJADBGAiEAlqQT7qrF/4hJE5yG\no612o1qbXYKFVBiFDmxul109YYQCIQCqvG9gSCr8DIp9G0t4Mrdv10lao7mP2E2b\nK7u4kNS86A==\n-----END CERTIFICATE-----\n", "auth": {"USER": [], "RESP-CODES": [], "EXPIRE": ["0"], "LOGIN-DELAY": ["300"], "TOP": [], "UIDL": [], "X-GOOGLE-RICO": [], "SASL": ["PLAIN", "XOAUTH2", "OAUTHBEARER"]}}}

ProtocolType: smtp
Port: 465
Hostname: smtp.gmail.com
Running test
Raw output:
 {"success": false, "info": null, "error": "OS error : Connection unexpectedly closed: timed out"}

Running test
Raw output:
 {"success": false, "info": null, "error": "OS error : Connection unexpectedly closed: timed out"}

Running test
Raw output:
 {"success": true, "info": {"error": [], "version": "TLSv1.3", "cipher": ["TLS_AES_256_GCM_SHA384", "TLSv1.3", 256], "tls ca": "-----BEGIN CERTIFICATE-----\nMIIDljCCAzygAwIBAgIRAP0mFuCLc9zLCgfuSxSh8ykwCgYIKoZIzj0EAwIwOzEL\nMAkGA1UEBhMCVVMxHjAcBgNVBAoTFUdvb2dsZSBUcnVzdCBTZXJ2aWNlczEMMAoG\nA1UEAxMDV0UyMB4XDTI1MDgxODA4NDExNloXDTI1MTExMDA4NDExNVowGTEXMBUG\nA1UEAxMOc210cC5nbWFpbC5jb20wWTATBgcqhkjOPQIBBggqhkjOPQMBBwNCAARX\ne0ONZ487PRSTXAhc5JcLRfRtigFyIp+Nogb7Q+J+w9TRNmaxUBbp/4navHAZ3Fem\nudC53Oucvkn+eNXRlrCno4ICQTCCAj0wDgYDVR0PAQH/BAQDAgeAMBMGA1UdJQQM\nMAoGCCsGAQUFBwMBMAwGA1UdEwEB/wQCMAAwHQYDVR0OBBYEFCn567uhB8gjZLPL\nB06+KSZzwsaZMB8GA1UdIwQYMBaAFHW+xHeuifZEN33PsWgfHRrr3DRZMFgGCCsG\nAQUFBwEBBEwwSjAhBggrBgEFBQcwAYYVaHR0cDovL28ucGtpLmdvb2cvd2UyMCUG\nCCsGAQUFBzAChhlodHRwOi8vaS5wa2kuZ29vZy93ZTIuY3J0MBkGA1UdEQQSMBCC\nDnNtdHAuZ21haWwuY29tMBMGA1UdIAQMMAowCAYGZ4EMAQIBMDYGA1UdHwQvMC0w\nK6ApoCeGJWh0dHA6Ly9jLnBraS5nb29nL3dlMi82NE9VSVZ6cFpWNC5jcmwwggEE\nBgorBgEEAdZ5AgQCBIH1BIHyAPAAdgCkQsUGSWBhVI8P1Oqc+3otJkVNh6l/L99F\nWfYnTzqEVAAAAZi8jfZwAAAEAwBHMEUCIDLVVnKSq3Q6cOxre3VO2TBkECt/x364\nl4jNvyCE0Z7vAiEAmORkp/HiTZ1d62mkZck5EaLlxC68PB4NH3fM6hW57dcAdgAS\n8U40vVNyTIQGGcOPP3oT+Oe1YoeInG0wBYTr5YYmOgAAAZi8jfZnAAAEAwBHMEUC\nIQDXB9ZQAPTTXt15rEDapw8fJBRQ8S1y7+lPFjP0+Tu0VQIgH0PjH3h7026yWgM5\njb6yDho7FLCnpiMMzAoVICLE8zEwCgYIKoZIzj0EAwIDSAAwRQIhAPPXGT0HMGJ4\ni5ymXktGP93CTKEMK+KyBbSJEp/yePiqAiAe4U/q9rVz5KwNBk4uwiM+gCgrRh8x\nfBzbzpGntIMwkg==\n-----END CERTIFICATE-----\n", "enable esmtp": 1, "auth": {"size": "35882577", "8bitmime": "", "auth": " LOGIN PLAIN XOAUTH2 PLAIN-CLIENTTOKEN OAUTHBEARER XOAUTH", "enhancedstatuscodes": "", "pipelining": "", "chunking": "", "smtputf8": ""}}}

service:_imap._tcp.gmail.com, adBit:false
service:_imaps._tcp.gmail.com, adBit:false
service:_pop3._tcp.gmail.com, adBit:false
service:_pop3s._tcp.gmail.com, adBit:false
service:_submission._tcp.gmail.com, adBit:false
service:_submissions._tcp.gmail.com, adBit:false
Failed to query SRV for _submissions._tcp.gmail.com or no records found: <nil>
securesecureinsecure[{IMAP 993 secure  } {POP3 995 secure  } {SMTP 587 insecure  }]Running test
Raw output:
 {"success": false, "info": null, "error": "OS error : timed out"}

Running test
Raw output:
 {"success": false, "info": null, "error": "OS error : timed out"}

Running test
Raw output:
 {"success": true, "info": {"error": ["SSL error: [SSL: CERTIFICATE_VERIFY_FAILED] certificate verify failed: Hostname mismatch, certificate is not valid for 'imap.gmail.com.'. (_ssl.c:1076)"], "version": "TLSv1.3", "cipher": ["TLS_AES_256_GCM_SHA384", "TLSv1.3", 256], "tls ca": "-----BEGIN CERTIFICATE-----\nMIIEVjCCAz6gAwIBAgIRAJ7Q0Sjdu4V5EoXFFHsD5ZUwDQYJKoZIhvcNAQELBQAw\nOzELMAkGA1UEBhMCVVMxHjAcBgNVBAoTFUdvb2dsZSBUcnVzdCBTZXJ2aWNlczEM\nMAoGA1UEAxMDV1IyMB4XDTI1MDgxODA4NDEwOFoXDTI1MTExMDA4NDEwN1owGTEX\nMBUGA1UEAxMOaW1hcC5nbWFpbC5jb20wWTATBgcqhkjOPQIBBggqhkjOPQMBBwNC\nAAQAmlOfwtbo2xETvaDMfYaoQA4l0zS65NeG3SNGGmNT6YaOPUvfwHPWoN6JMeg+\nxEw4WwxCrnstY3IW0G+TtKqwo4ICQDCCAjwwDgYDVR0PAQH/BAQDAgeAMBMGA1Ud\nJQQMMAoGCCsGAQUFBwMBMAwGA1UdEwEB/wQCMAAwHQYDVR0OBBYEFFR37CMohPuA\n8rd9KQWcWIgMK23zMB8GA1UdIwQYMBaAFN4bHu15FdQ+NyTDIbvsNDltQrIwMFgG\nCCsGAQUFBwEBBEwwSjAhBggrBgEFBQcwAYYVaHR0cDovL28ucGtpLmdvb2cvd3Iy\nMCUGCCsGAQUFBzAChhlodHRwOi8vaS5wa2kuZ29vZy93cjIuY3J0MBkGA1UdEQQS\nMBCCDmltYXAuZ21haWwuY29tMBMGA1UdIAQMMAowCAYGZ4EMAQIBMDYGA1UdHwQv\nMC0wK6ApoCeGJWh0dHA6Ly9jLnBraS5nb29nL3dyMi9HU3lUMU40UEJyZy5jcmww\nggEDBgorBgEEAdZ5AgQCBIH0BIHxAO8AdgAN4fIwK9MNwUBiEgnqVS78R3R8sdfp\nMO8OQh60fk6qNAAAAZi8jduvAAAEAwBHMEUCIQCH6tkVp0Zk7m2lXKMzSSVv4/Y4\n4iJtGCkyTzX+1TPxHQIgWkKwZ6ByQ0clKdDLt600DigTU2cu4QmufhhsQDsXeckA\ndQAS8U40vVNyTIQGGcOPP3oT+Oe1YoeInG0wBYTr5YYmOgAAAZi8jde4AAAEAwBG\nMEQCIHoE+vHcFotWoI+LZJrJ0xEvjGN+rZdKzGUDWrTVqUhuAiBmrf9gfY2/jyKV\nf7Nfc1xS6OMP9n1+ziNZb4v0mv9SEzANBgkqhkiG9w0BAQsFAAOCAQEAidR/XkuN\n9XROZ92mGBviHO0piz3FQnnSkPdHOELISs5pRhLtXpAwFFAUJw076PzCxEWKWZcy\nq4lqABm+BOceIZF13uvy8Zoz36ESKK3m3cluXwUPLr3B1m/mQ2KzX1N9CfL/h/bC\nqMwkNearNyr+7vlRTXy5rJOVmlPn6dTanbmida2QO/ZxAQL7Yz1ZYdXcOEXVSX8A\naWsjjc28DYnCXL4bs6BrjuY/i/rzZdq3qtRl3DiOYzOKlr3UmUnXLKizd6GZt0v0\n6TynnJ1qaPZ2StjxSPJ5ylw5xN/OxOe2yoc9lp6Eo0up46JB0h2jjvkihqZNafK/\nArH1GYBq7wVa5Q==\n-----END CERTIFICATE-----\n", "auth": ["IMAP4REV1", "UNSELECT", "IDLE", "NAMESPACE", "QUOTA", "ID", "XLIST", "CHILDREN", "X-GM-EXT-1", "XYZZY", "SASL-IR", "AUTH=XOAUTH2", "AUTH=PLAIN", "AUTH=PLAIN-CLIENTTOKEN", "AUTH=OAUTHBEARER"]}}

Plain err: TLS test failed: OS error : timed out
StartTLS err: TLS test failed: OS error : timed out
Running test
Raw output:
 {"success": false, "info": null, "error": "OS error : timed out"}

Running test
Raw output:
 {"success": false, "info": null, "error": "OS error : timed out"}

Running test
Raw output:
 {"success": true, "info": {"error": ["SSL error: [SSL: CERTIFICATE_VERIFY_FAILED] certificate verify failed: Hostname mismatch, certificate is not valid for 'pop.gmail.com.'. (_ssl.c:1076)"], "version": "TLSv1.3", "cipher": ["TLS_AES_256_GCM_SHA384", "TLSv1.3", 256], "tls ca": "-----BEGIN CERTIFICATE-----\nMIIDkzCCAzigAwIBAgIQV7VaP5QikfAQytyarC52QjAKBggqhkjOPQQDAjA7MQsw\nCQYDVQQGEwJVUzEeMBwGA1UEChMVR29vZ2xlIFRydXN0IFNlcnZpY2VzMQwwCgYD\nVQQDEwNXRTIwHhcNMjUwODE4MDg0MTE0WhcNMjUxMTEwMDg0MTEzWjAYMRYwFAYD\nVQQDEw1wb3AuZ21haWwuY29tMFkwEwYHKoZIzj0CAQYIKoZIzj0DAQcDQgAE1fM3\ngoCwcT9FogkWNHh5o/5e4N0iiwJQ9AzmA7R05MyFJRhPM80C7aTR4+XPw6nOnxg+\nNwzqSd6ED1MBAO5S4qOCAj8wggI7MA4GA1UdDwEB/wQEAwIHgDATBgNVHSUEDDAK\nBggrBgEFBQcDATAMBgNVHRMBAf8EAjAAMB0GA1UdDgQWBBS4DqEcBNET1nf0gYkm\nms1XST38tTAfBgNVHSMEGDAWgBR1vsR3ron2RDd9z7FoHx0a69w0WTBYBggrBgEF\nBQcBAQRMMEowIQYIKwYBBQUHMAGGFWh0dHA6Ly9vLnBraS5nb29nL3dlMjAlBggr\nBgEFBQcwAoYZaHR0cDovL2kucGtpLmdvb2cvd2UyLmNydDAYBgNVHREEETAPgg1w\nb3AuZ21haWwuY29tMBMGA1UdIAQMMAowCAYGZ4EMAQIBMDYGA1UdHwQvMC0wK6Ap\noCeGJWh0dHA6Ly9jLnBraS5nb29nL3dlMi82NE9VSVZ6cFpWNC5jcmwwggEDBgor\nBgEEAdZ5AgQCBIH0BIHxAO8AdgDtPEvW6AbCpKIAV9vLJOI4Ad9RL+3EhsVwDyDd\ntz4/4AAAAZi8jfXfAAAEAwBHMEUCIQD3Ca02GOlY5pKLwtn4+KsswpRL6HPHc9Cc\n4HQ+YUWlEgIgbdNlB8PxN84HHFgSuJwLsdSOLigL48NInSBOE8yAAcUAdQDd3Mo0\nldfhFgXnlTL6x5/4PRxQ39sAOhQSdgosrLvIKgAAAZi8jfILAAAEAwBGMEQCIEr5\nhIP5Tws07OPVpjR5qh6tpcqKzh5iZoYtjd2QpnvvAiBQkG7tA6byp1v+Ihax1BDX\nkbOnkJmcR2soJXzt9O6SFzAKBggqhkjOPQQDAgNJADBGAiEAlqQT7qrF/4hJE5yG\no612o1qbXYKFVBiFDmxul109YYQCIQCqvG9gSCr8DIp9G0t4Mrdv10lao7mP2E2b\nK7u4kNS86A==\n-----END CERTIFICATE-----\n", "auth": {"USER": [], "RESP-CODES": [], "EXPIRE": ["0"], "LOGIN-DELAY": ["300"], "TOP": [], "UIDL": [], "X-GOOGLE-RICO": [], "SASL": ["PLAIN", "XOAUTH2", "OAUTHBEARER"]}}}

Plain err: TLS test failed: OS error : timed out
StartTLS err: TLS test failed: OS error : timed out
Running test
Raw output:
 {"success": true, "info": {"error": [], "enable esmtp": 1, "auth": {"size": "35882577", "8bitmime": "", "starttls": "", "enhancedstatuscodes": "", "pipelining": "", "chunking": "", "smtputf8": ""}}}

Running test
Raw output:
 {"success": true, "info": {"error": ["SSL error: [SSL: CERTIFICATE_VERIFY_FAILED] certificate verify failed: Hostname mismatch, certificate is not valid for 'smtp.gmail.com.'. (_ssl.c:1076)"], "version": "TLSv1.3", "cipher": ["TLS_AES_256_GCM_SHA384", "TLSv1.3", 256], "tls ca": "-----BEGIN CERTIFICATE-----\nMIIDljCCAzygAwIBAgIRAP0mFuCLc9zLCgfuSxSh8ykwCgYIKoZIzj0EAwIwOzEL\nMAkGA1UEBhMCVVMxHjAcBgNVBAoTFUdvb2dsZSBUcnVzdCBTZXJ2aWNlczEMMAoG\nA1UEAxMDV0UyMB4XDTI1MDgxODA4NDExNloXDTI1MTExMDA4NDExNVowGTEXMBUG\nA1UEAxMOc210cC5nbWFpbC5jb20wWTATBgcqhkjOPQIBBggqhkjOPQMBBwNCAARX\ne0ONZ487PRSTXAhc5JcLRfRtigFyIp+Nogb7Q+J+w9TRNmaxUBbp/4navHAZ3Fem\nudC53Oucvkn+eNXRlrCno4ICQTCCAj0wDgYDVR0PAQH/BAQDAgeAMBMGA1UdJQQM\nMAoGCCsGAQUFBwMBMAwGA1UdEwEB/wQCMAAwHQYDVR0OBBYEFCn567uhB8gjZLPL\nB06+KSZzwsaZMB8GA1UdIwQYMBaAFHW+xHeuifZEN33PsWgfHRrr3DRZMFgGCCsG\nAQUFBwEBBEwwSjAhBggrBgEFBQcwAYYVaHR0cDovL28ucGtpLmdvb2cvd2UyMCUG\nCCsGAQUFBzAChhlodHRwOi8vaS5wa2kuZ29vZy93ZTIuY3J0MBkGA1UdEQQSMBCC\nDnNtdHAuZ21haWwuY29tMBMGA1UdIAQMMAowCAYGZ4EMAQIBMDYGA1UdHwQvMC0w\nK6ApoCeGJWh0dHA6Ly9jLnBraS5nb29nL3dlMi82NE9VSVZ6cFpWNC5jcmwwggEE\nBgorBgEEAdZ5AgQCBIH1BIHyAPAAdgCkQsUGSWBhVI8P1Oqc+3otJkVNh6l/L99F\nWfYnTzqEVAAAAZi8jfZwAAAEAwBHMEUCIDLVVnKSq3Q6cOxre3VO2TBkECt/x364\nl4jNvyCE0Z7vAiEAmORkp/HiTZ1d62mkZck5EaLlxC68PB4NH3fM6hW57dcAdgAS\n8U40vVNyTIQGGcOPP3oT+Oe1YoeInG0wBYTr5YYmOgAAAZi8jfZnAAAEAwBHMEUC\nIQDXB9ZQAPTTXt15rEDapw8fJBRQ8S1y7+lPFjP0+Tu0VQIgH0PjH3h7026yWgM5\njb6yDho7FLCnpiMMzAoVICLE8zEwCgYIKoZIzj0EAwIDSAAwRQIhAPPXGT0HMGJ4\ni5ymXktGP93CTKEMK+KyBbSJEp/yePiqAiAe4U/q9rVz5KwNBk4uwiM+gCgrRh8x\nfBzbzpGntIMwkg==\n-----END CERTIFICATE-----\n", "enable esmtp": 1, "auth": {"size": "35882577", "8bitmime": "", "auth": " LOGIN PLAIN XOAUTH2 PLAIN-CLIENTTOKEN OAUTHBEARER XOAUTH", "enhancedstatuscodes": "", "pipelining": "", "chunking": "", "smtputf8": ""}}}

Running test
Raw output:
 {"success": false, "info": null, "error": "SSL error: [SSL: WRONG_VERSION_NUMBER] wrong version number (_ssl.c:1076)"}

TLS err: TLS test failed: SSL error: [SSL: WRONG_VERSION_NUMBER] wrong version number (_ssl.c:1076)
[smtp.gmail.com:465 smtp.gmail.com:587 imap.gmail.com:993 pop.gmail.com:995]Running test
Raw output:
 {"success": false, "info": null, "error": "OS error : Connection unexpectedly closed: timed out"}

Running test
Raw output:
 {"success": false, "info": null, "error": "OS error : Connection unexpectedly closed: timed out"}

Running test
Raw output:
 {"success": true, "info": {"error": [], "version": "TLSv1.3", "cipher": ["TLS_AES_256_GCM_SHA384", "TLSv1.3", 256], "tls ca": "-----BEGIN CERTIFICATE-----\nMIIDljCCAzygAwIBAgIRAP0mFuCLc9zLCgfuSxSh8ykwCgYIKoZIzj0EAwIwOzEL\nMAkGA1UEBhMCVVMxHjAcBgNVBAoTFUdvb2dsZSBUcnVzdCBTZXJ2aWNlczEMMAoG\nA1UEAxMDV0UyMB4XDTI1MDgxODA4NDExNloXDTI1MTExMDA4NDExNVowGTEXMBUG\nA1UEAxMOc210cC5nbWFpbC5jb20wWTATBgcqhkjOPQIBBggqhkjOPQMBBwNCAARX\ne0ONZ487PRSTXAhc5JcLRfRtigFyIp+Nogb7Q+J+w9TRNmaxUBbp/4navHAZ3Fem\nudC53Oucvkn+eNXRlrCno4ICQTCCAj0wDgYDVR0PAQH/BAQDAgeAMBMGA1UdJQQM\nMAoGCCsGAQUFBwMBMAwGA1UdEwEB/wQCMAAwHQYDVR0OBBYEFCn567uhB8gjZLPL\nB06+KSZzwsaZMB8GA1UdIwQYMBaAFHW+xHeuifZEN33PsWgfHRrr3DRZMFgGCCsG\nAQUFBwEBBEwwSjAhBggrBgEFBQcwAYYVaHR0cDovL28ucGtpLmdvb2cvd2UyMCUG\nCCsGAQUFBzAChhlodHRwOi8vaS5wa2kuZ29vZy93ZTIuY3J0MBkGA1UdEQQSMBCC\nDnNtdHAuZ21haWwuY29tMBMGA1UdIAQMMAowCAYGZ4EMAQIBMDYGA1UdHwQvMC0w\nK6ApoCeGJWh0dHA6Ly9jLnBraS5nb29nL3dlMi82NE9VSVZ6cFpWNC5jcmwwggEE\nBgorBgEEAdZ5AgQCBIH1BIHyAPAAdgCkQsUGSWBhVI8P1Oqc+3otJkVNh6l/L99F\nWfYnTzqEVAAAAZi8jfZwAAAEAwBHMEUCIDLVVnKSq3Q6cOxre3VO2TBkECt/x364\nl4jNvyCE0Z7vAiEAmORkp/HiTZ1d62mkZck5EaLlxC68PB4NH3fM6hW57dcAdgAS\n8U40vVNyTIQGGcOPP3oT+Oe1YoeInG0wBYTr5YYmOgAAAZi8jfZnAAAEAwBHMEUC\nIQDXB9ZQAPTTXt15rEDapw8fJBRQ8S1y7+lPFjP0+Tu0VQIgH0PjH3h7026yWgM5\njb6yDho7FLCnpiMMzAoVICLE8zEwCgYIKoZIzj0EAwIDSAAwRQIhAPPXGT0HMGJ4\ni5ymXktGP93CTKEMK+KyBbSJEp/yePiqAiAe4U/q9rVz5KwNBk4uwiM+gCgrRh8x\nfBzbzpGntIMwkg==\n-----END CERTIFICATE-----\n", "enable esmtp": 1, "auth": {"size": "35882577", "8bitmime": "", "auth": " LOGIN PLAIN XOAUTH2 PLAIN-CLIENTTOKEN OAUTHBEARER XOAUTH", "enhancedstatuscodes": "", "pipelining": "", "chunking": "", "smtputf8": ""}}}

Plain err: TLS test failed: OS error : Connection unexpectedly closed: timed out
StartTLS err: TLS test failed: OS error : Connection unexpectedly closed: timed out
Running test
Raw output:
 {"success": true, "info": {"error": [], "enable esmtp": 1, "auth": {"size": "35882577", "8bitmime": "", "starttls": "", "enhancedstatuscodes": "", "pipelining": "", "chunking": "", "smtputf8": ""}}}

Running test
Raw output:
 {"success": true, "info": {"error": [], "version": "TLSv1.3", "cipher": ["TLS_AES_256_GCM_SHA384", "TLSv1.3", 256], "tls ca": "-----BEGIN CERTIFICATE-----\nMIIDljCCAzygAwIBAgIRAP0mFuCLc9zLCgfuSxSh8ykwCgYIKoZIzj0EAwIwOzEL\nMAkGA1UEBhMCVVMxHjAcBgNVBAoTFUdvb2dsZSBUcnVzdCBTZXJ2aWNlczEMMAoG\nA1UEAxMDV0UyMB4XDTI1MDgxODA4NDExNloXDTI1MTExMDA4NDExNVowGTEXMBUG\nA1UEAxMOc210cC5nbWFpbC5jb20wWTATBgcqhkjOPQIBBggqhkjOPQMBBwNCAARX\ne0ONZ487PRSTXAhc5JcLRfRtigFyIp+Nogb7Q+J+w9TRNmaxUBbp/4navHAZ3Fem\nudC53Oucvkn+eNXRlrCno4ICQTCCAj0wDgYDVR0PAQH/BAQDAgeAMBMGA1UdJQQM\nMAoGCCsGAQUFBwMBMAwGA1UdEwEB/wQCMAAwHQYDVR0OBBYEFCn567uhB8gjZLPL\nB06+KSZzwsaZMB8GA1UdIwQYMBaAFHW+xHeuifZEN33PsWgfHRrr3DRZMFgGCCsG\nAQUFBwEBBEwwSjAhBggrBgEFBQcwAYYVaHR0cDovL28ucGtpLmdvb2cvd2UyMCUG\nCCsGAQUFBzAChhlodHRwOi8vaS5wa2kuZ29vZy93ZTIuY3J0MBkGA1UdEQQSMBCC\nDnNtdHAuZ21haWwuY29tMBMGA1UdIAQMMAowCAYGZ4EMAQIBMDYGA1UdHwQvMC0w\nK6ApoCeGJWh0dHA6Ly9jLnBraS5nb29nL3dlMi82NE9VSVZ6cFpWNC5jcmwwggEE\nBgorBgEEAdZ5AgQCBIH1BIHyAPAAdgCkQsUGSWBhVI8P1Oqc+3otJkVNh6l/L99F\nWfYnTzqEVAAAAZi8jfZwAAAEAwBHMEUCIDLVVnKSq3Q6cOxre3VO2TBkECt/x364\nl4jNvyCE0Z7vAiEAmORkp/HiTZ1d62mkZck5EaLlxC68PB4NH3fM6hW57dcAdgAS\n8U40vVNyTIQGGcOPP3oT+Oe1YoeInG0wBYTr5YYmOgAAAZi8jfZnAAAEAwBHMEUC\nIQDXB9ZQAPTTXt15rEDapw8fJBRQ8S1y7+lPFjP0+Tu0VQIgH0PjH3h7026yWgM5\njb6yDho7FLCnpiMMzAoVICLE8zEwCgYIKoZIzj0EAwIDSAAwRQIhAPPXGT0HMGJ4\ni5ymXktGP93CTKEMK+KyBbSJEp/yePiqAiAe4U/q9rVz5KwNBk4uwiM+gCgrRh8x\nfBzbzpGntIMwkg==\n-----END CERTIFICATE-----\n", "enable esmtp": 1, "auth": {"size": "35882577", "8bitmime": "", "auth": " LOGIN PLAIN XOAUTH2 PLAIN-CLIENTTOKEN OAUTHBEARER XOAUTH", "enhancedstatuscodes": "", "pipelining": "", "chunking": "", "smtputf8": ""}}}

Running test
Raw output:
 {"success": false, "info": null, "error": "SSL error: [SSL: WRONG_VERSION_NUMBER] wrong version number (_ssl.c:1076)"}

TLS err: TLS test failed: SSL error: [SSL: WRONG_VERSION_NUMBER] wrong version number (_ssl.c:1076)
Running test
Raw output:
 {"success": false, "info": null, "error": "OS error : timed out"}

Running test
Raw output:
 {"success": false, "info": null, "error": "OS error : timed out"}

Running test
Raw output:
 {"success": true, "info": {"error": [], "version": "TLSv1.3", "cipher": ["TLS_AES_256_GCM_SHA384", "TLSv1.3", 256], "tls ca": "-----BEGIN CERTIFICATE-----\nMIIEVjCCAz6gAwIBAgIRAJ7Q0Sjdu4V5EoXFFHsD5ZUwDQYJKoZIhvcNAQELBQAw\nOzELMAkGA1UEBhMCVVMxHjAcBgNVBAoTFUdvb2dsZSBUcnVzdCBTZXJ2aWNlczEM\nMAoGA1UEAxMDV1IyMB4XDTI1MDgxODA4NDEwOFoXDTI1MTExMDA4NDEwN1owGTEX\nMBUGA1UEAxMOaW1hcC5nbWFpbC5jb20wWTATBgcqhkjOPQIBBggqhkjOPQMBBwNC\nAAQAmlOfwtbo2xETvaDMfYaoQA4l0zS65NeG3SNGGmNT6YaOPUvfwHPWoN6JMeg+\nxEw4WwxCrnstY3IW0G+TtKqwo4ICQDCCAjwwDgYDVR0PAQH/BAQDAgeAMBMGA1Ud\nJQQMMAoGCCsGAQUFBwMBMAwGA1UdEwEB/wQCMAAwHQYDVR0OBBYEFFR37CMohPuA\n8rd9KQWcWIgMK23zMB8GA1UdIwQYMBaAFN4bHu15FdQ+NyTDIbvsNDltQrIwMFgG\nCCsGAQUFBwEBBEwwSjAhBggrBgEFBQcwAYYVaHR0cDovL28ucGtpLmdvb2cvd3Iy\nMCUGCCsGAQUFBzAChhlodHRwOi8vaS5wa2kuZ29vZy93cjIuY3J0MBkGA1UdEQQS\nMBCCDmltYXAuZ21haWwuY29tMBMGA1UdIAQMMAowCAYGZ4EMAQIBMDYGA1UdHwQv\nMC0wK6ApoCeGJWh0dHA6Ly9jLnBraS5nb29nL3dyMi9HU3lUMU40UEJyZy5jcmww\nggEDBgorBgEEAdZ5AgQCBIH0BIHxAO8AdgAN4fIwK9MNwUBiEgnqVS78R3R8sdfp\nMO8OQh60fk6qNAAAAZi8jduvAAAEAwBHMEUCIQCH6tkVp0Zk7m2lXKMzSSVv4/Y4\n4iJtGCkyTzX+1TPxHQIgWkKwZ6ByQ0clKdDLt600DigTU2cu4QmufhhsQDsXeckA\ndQAS8U40vVNyTIQGGcOPP3oT+Oe1YoeInG0wBYTr5YYmOgAAAZi8jde4AAAEAwBG\nMEQCIHoE+vHcFotWoI+LZJrJ0xEvjGN+rZdKzGUDWrTVqUhuAiBmrf9gfY2/jyKV\nf7Nfc1xS6OMP9n1+ziNZb4v0mv9SEzANBgkqhkiG9w0BAQsFAAOCAQEAidR/XkuN\n9XROZ92mGBviHO0piz3FQnnSkPdHOELISs5pRhLtXpAwFFAUJw076PzCxEWKWZcy\nq4lqABm+BOceIZF13uvy8Zoz36ESKK3m3cluXwUPLr3B1m/mQ2KzX1N9CfL/h/bC\nqMwkNearNyr+7vlRTXy5rJOVmlPn6dTanbmida2QO/ZxAQL7Yz1ZYdXcOEXVSX8A\naWsjjc28DYnCXL4bs6BrjuY/i/rzZdq3qtRl3DiOYzOKlr3UmUnXLKizd6GZt0v0\n6TynnJ1qaPZ2StjxSPJ5ylw5xN/OxOe2yoc9lp6Eo0up46JB0h2jjvkihqZNafK/\nArH1GYBq7wVa5Q==\n-----END CERTIFICATE-----\n", "auth": ["IMAP4REV1", "UNSELECT", "IDLE", "NAMESPACE", "QUOTA", "ID", "XLIST", "CHILDREN", "X-GM-EXT-1", "XYZZY", "SASL-IR", "AUTH=XOAUTH2", "AUTH=PLAIN", "AUTH=PLAIN-CLIENTTOKEN", "AUTH=OAUTHBEARER"]}}

Plain err: TLS test failed: OS error : timed out
StartTLS err: TLS test failed: OS error : timed out
Running test
Raw output:
 {"success": false, "info": null, "error": "OS error : timed out"}

Running test
Raw output:
 {"success": false, "info": null, "error": "OS error : timed out"}

Running test
Raw output:
 {"success": true, "info": {"error": [], "version": "TLSv1.3", "cipher": ["TLS_AES_256_GCM_SHA384", "TLSv1.3", 256], "tls ca": "-----BEGIN CERTIFICATE-----\nMIIDkzCCAzigAwIBAgIQV7VaP5QikfAQytyarC52QjAKBggqhkjOPQQDAjA7MQsw\nCQYDVQQGEwJVUzEeMBwGA1UEChMVR29vZ2xlIFRydXN0IFNlcnZpY2VzMQwwCgYD\nVQQDEwNXRTIwHhcNMjUwODE4MDg0MTE0WhcNMjUxMTEwMDg0MTEzWjAYMRYwFAYD\nVQQDEw1wb3AuZ21haWwuY29tMFkwEwYHKoZIzj0CAQYIKoZIzj0DAQcDQgAE1fM3\ngoCwcT9FogkWNHh5o/5e4N0iiwJQ9AzmA7R05MyFJRhPM80C7aTR4+XPw6nOnxg+\nNwzqSd6ED1MBAO5S4qOCAj8wggI7MA4GA1UdDwEB/wQEAwIHgDATBgNVHSUEDDAK\nBggrBgEFBQcDATAMBgNVHRMBAf8EAjAAMB0GA1UdDgQWBBS4DqEcBNET1nf0gYkm\nms1XST38tTAfBgNVHSMEGDAWgBR1vsR3ron2RDd9z7FoHx0a69w0WTBYBggrBgEF\nBQcBAQRMMEowIQYIKwYBBQUHMAGGFWh0dHA6Ly9vLnBraS5nb29nL3dlMjAlBggr\nBgEFBQcwAoYZaHR0cDovL2kucGtpLmdvb2cvd2UyLmNydDAYBgNVHREEETAPgg1w\nb3AuZ21haWwuY29tMBMGA1UdIAQMMAowCAYGZ4EMAQIBMDYGA1UdHwQvMC0wK6Ap\noCeGJWh0dHA6Ly9jLnBraS5nb29nL3dlMi82NE9VSVZ6cFpWNC5jcmwwggEDBgor\nBgEEAdZ5AgQCBIH0BIHxAO8AdgDtPEvW6AbCpKIAV9vLJOI4Ad9RL+3EhsVwDyDd\ntz4/4AAAAZi8jfXfAAAEAwBHMEUCIQD3Ca02GOlY5pKLwtn4+KsswpRL6HPHc9Cc\n4HQ+YUWlEgIgbdNlB8PxN84HHFgSuJwLsdSOLigL48NInSBOE8yAAcUAdQDd3Mo0\nldfhFgXnlTL6x5/4PRxQ39sAOhQSdgosrLvIKgAAAZi8jfILAAAEAwBGMEQCIEr5\nhIP5Tws07OPVpjR5qh6tpcqKzh5iZoYtjd2QpnvvAiBQkG7tA6byp1v+Ihax1BDX\nkbOnkJmcR2soJXzt9O6SFzAKBggqhkjOPQQDAgNJADBGAiEAlqQT7qrF/4hJE5yG\no612o1qbXYKFVBiFDmxul109YYQCIQCqvG9gSCr8DIp9G0t4Mrdv10lao7mP2E2b\nK7u4kNS86A==\n-----END CERTIFICATE-----\n", "auth": {"USER": [], "RESP-CODES": [], "EXPIRE": ["0"], "LOGIN-DELAY": ["300"], "TOP": [], "UIDL": [], "X-GOOGLE-RICO": [], "SASL": ["PLAIN", "XOAUTH2", "OAUTHBEARER"]}}}

Plain err: TLS test failed: OS error : timed out
StartTLS err: TLS test failed: OS error : timed out
2025/09/06 21:06:18 WebSocket 关闭: websocket: close 1005 (no status)
2025/09/06 21:06:30 Start testing host=imap.gmail.com, port=993, protocol=imap, mode=ssl
